<?xml version="1.0" encoding="UTF-8"?>
<testng-results ignored="0" total="1" passed="1" failed="0" skipped="0">
  <reporter-output>
  </reporter-output>
  <suite started-at="2023-08-04T21:26:55 EDT" name="Testing suite for paramater Annotation" finished-at="2023-08-04T21:27:16 EDT" duration-ms="21292">
    <groups>
    </groups>
    <test started-at="2023-08-04T21:26:55 EDT" name="ParamaterAttributr" finished-at="2023-08-04T21:27:16 EDT" duration-ms="21292">
      <class name="com.TestNG.ParamaterAnnotation">
        <test-method is-config="true" signature="beforeMethod()[pri:0, instance:com.TestNG.ParamaterAnnotation@3270d194]" started-at="2023-08-04T21:26:55 EDT" name="beforeMethod" finished-at="2023-08-04T21:26:55 EDT" duration-ms="22" status="PASS">
          <reporter-output>
          </reporter-output>
        </test-method> <!-- beforeMethod -->
        <test-method signature="ParametersTest(java.lang.String)[pri:0, instance:com.TestNG.ParamaterAnnotation@3270d194]" started-at="2023-08-04T21:26:55 EDT" name="ParametersTest" finished-at="2023-08-04T21:27:16 EDT" duration-ms="21092" status="PASS">
          <params>
            <param index="0">
              <value>
                <![CDATA[https://www.amazon.ca/]]>
              </value>
            </param>
          </params>
          <reporter-output>
          </reporter-output>
        </test-method> <!-- ParametersTest -->
        <test-method is-config="true" signature="afterMethod()[pri:0, instance:com.TestNG.ParamaterAnnotation@3270d194]" started-at="2023-08-04T21:27:16 EDT" name="afterMethod" finished-at="2023-08-04T21:27:16 EDT" duration-ms="8" status="PASS">
          <reporter-output>
          </reporter-output>
        </test-method> <!-- afterMethod -->
      </class> <!-- com.TestNG.ParamaterAnnotation -->
    </test> <!-- ParamaterAttributr -->
  </suite> <!-- Testing suite for paramater Annotation -->
</testng-results>
